<?xml version="1.0" encoding="UTF-8"?>
<!-- Generated by org.testng.reporters.JUnitReportReporter -->
<testsuite hostname="DESKTOP-DAVDJI6" failures="0" tests="1" name="POSTAPIs.OAuth2Test" time="10.729" errors="0" timestamp="2024-04-15T00:29:00 IST" skipped="0">
  <testcase classname="POSTAPIs.OAuth2Test" name="getFlightInfoTest" time="10.729"/>
</testsuite> <!-- POSTAPIs.OAuth2Test -->
