<?xml version="1.0" encoding="UTF-8"?>
<!-- Generated by org.testng.reporters.JUnitReportReporter -->
<testsuite hostname="DESKTOP-DAVDJI6" failures="0" tests="1" name="specificationConcept.ResponseSpecbuilderTest" time="3.937" errors="0" timestamp="2024-04-14T22:57:01 IST" skipped="0">
  <testcase classname="specificationConcept.ResponseSpecbuilderTest" name="get_user_res_401_Auth_Fail_Spec_Test" time="3.937"/>
</testsuite> <!-- specificationConcept.ResponseSpecbuilderTest -->
