<?xml version="1.0" encoding="UTF-8"?>
<!-- Generated by org.testng.reporters.JUnitReportReporter -->
<testsuite hostname="DESKTOP-DAVDJI6" failures="0" tests="1" name="POSTAPIs.BookingAuthWithPojoTest" time="6.442" errors="0" timestamp="2024-05-04T09:44:54 IST" skipped="0">
  <testcase classname="POSTAPIs.BookingAuthWithPojoTest" name="getBookingAuthTokenTest_With_JSON_String" time="6.442"/>
</testsuite> <!-- POSTAPIs.BookingAuthWithPojoTest -->
