<?xml version="1.0" encoding="UTF-8"?>
<!-- Generated by org.testng.reporters.JUnitReportReporter -->
<testsuite hostname="DESKTOP-DAVDJI6" failures="0" tests="3" name="GETAPIs.P1" time="2.873" errors="0" timestamp="2023-07-16T16:59:20 IST" skipped="0">
  <testcase classname="GETAPIs.P1" name="getUserWithQueryParameter" time="0.551"/>
  <testcase classname="GETAPIs.P1" name="getUserAPITest" time="1.949"/>
  <testcase classname="GETAPIs.P1" name="getUserWithQueryParameter_WithHashMap_APITest" time="0.373"/>
</testsuite> <!-- GETAPIs.P1 -->
