<?xml version="1.0" encoding="UTF-8"?>
<!-- Generated by org.testng.reporters.JUnitReportReporter -->
<testsuite hostname="DESKTOP-DAVDJI6" failures="0" tests="1" name="com.user.api.CreteUserTestWithLambok" time="6.502" errors="0" timestamp="2024-05-04T13:47:24 IST" skipped="0">
  <testcase classname="com.user.api.CreteUserTestWithLambok" name="createUserTest" time="6.502"/>
</testsuite> <!-- com.user.api.CreteUserTestWithLambok -->
