<?xml version="1.0" encoding="UTF-8"?>
<!-- Generated by org.testng.reporters.JUnitReportReporter -->
<testsuite hostname="DESKTOP-DAVDJI6" failures="0" tests="1" name="POSTAPIs.CreateUserWithPojoTest" time="7.147" errors="0" timestamp="2024-05-04T10:06:41 IST" skipped="0">
  <testcase classname="POSTAPIs.CreateUserWithPojoTest" name="addUserTest" time="7.147"/>
</testsuite> <!-- POSTAPIs.CreateUserWithPojoTest -->
