<?xml version="1.0" encoding="UTF-8"?>
<!-- Generated by org.testng.reporters.JUnitReportReporter -->
<testsuite hostname="DESKTOP-DAVDJI6" failures="0" tests="1" name="com.pet.api.CreatePetTest" time="4.271" errors="0" timestamp="2024-05-04T16:49:00 IST" skipped="0">
  <testcase classname="com.pet.api.CreatePetTest" name="createTest" time="4.271"/>
</testsuite> <!-- com.pet.api.CreatePetTest -->
