<?xml version="1.0" encoding="UTF-8"?>
<!-- Generated by org.testng.reporters.JUnitReportReporter -->
<testsuite hostname="DESKTOP-DAVDJI6" failures="0" tests="3" name="GETAPIs.GETAPIRequestTestWithNotBDD" time="2.621" errors="0" timestamp="2023-07-16T17:06:18 IST" skipped="0">
  <testcase classname="GETAPIs.GETAPIRequestTestWithNotBDD" name="getUserWithQueryParameter" time="0.349"/>
  <testcase classname="GETAPIs.GETAPIRequestTestWithNotBDD" name="getUserWithQueryParameter_WithHashMap_APITest" time="0.361"/>
  <testcase classname="GETAPIs.GETAPIRequestTestWithNotBDD" name="getUserAPITest" time="1.911"/>
</testsuite> <!-- GETAPIs.GETAPIRequestTestWithNotBDD -->
