<?xml version="1.0" encoding="UTF-8"?>
<!-- Generated by org.testng.reporters.JUnitReportReporter -->
<testsuite hostname="DESKTOP-DAVDJI6" failures="0" tests="1" name="com.product.api.GetProduct" time="4.529" errors="0" timestamp="2024-05-04T12:51:06 IST" skipped="0">
  <testcase classname="com.product.api.GetProduct" name="getProductTest_With_POJO_Lambok" time="4.529"/>
</testsuite> <!-- com.product.api.GetProduct -->
