<?xml version="1.0" encoding="UTF-8"?>
<!-- Generated by org.testng.reporters.JUnitReportReporter -->
<testsuite hostname="DESKTOP-DAVDJI6" failures="0" tests="4" name="GETAPIs.GetAPIWithPathParm" time="8.520" errors="0" timestamp="2024-04-14T21:41:48 IST" skipped="0">
  <testcase classname="GETAPIs.GetAPIWithPathParm" name="getCircuitDataAPIWith_Year_DataProvider" time="6.702"/>
  <testcase classname="GETAPIs.GetAPIWithPathParm" name="getCircuitDataAPIWith_Year_DataProvider" time="0.662"/>
  <testcase classname="GETAPIs.GetAPIWithPathParm" name="getCircuitDataAPIWith_Year_DataProvider" time="0.561"/>
  <testcase classname="GETAPIs.GetAPIWithPathParm" name="getCircuitDataAPIWith_Year_DataProvider" time="0.595"/>
</testsuite> <!-- GETAPIs.GetAPIWithPathParm -->
