<?xml version="1.0" encoding="UTF-8"?>
<!-- Generated by org.testng.reporters.JUnitReportReporter -->
<testsuite hostname="DESKTOP-DAVDJI6" failures="0" tests="3" name="GETAPIs.GETAPIRequestTest" time="3.797" errors="0" timestamp="2023-07-09T00:44:44 IST" skipped="0">
  <testcase classname="GETAPIs.GETAPIRequestTest" name="getAllUserWithQueryParameterAPITest" time="3.089"/>
  <testcase classname="GETAPIs.GETAPIRequestTest" name="getAllUserWithQueryParameter_withHashMap_APITest" time="0.298"/>
  <testcase classname="GETAPIs.GETAPIRequestTest" name="getUserAPITest" time="0.410"/>
</testsuite> <!-- GETAPIs.GETAPIRequestTest -->
