<?xml version="1.0" encoding="UTF-8"?>
<!-- Generated by org.testng.reporters.JUnitReportReporter -->
<testsuite hostname="DESKTOP-DAVDJI6" failures="0" tests="2" name="specificationConcept.RequestSpecificationBuilderTest" time="3.616" errors="0" timestamp="2023-07-15T14:59:38 IST" skipped="0">
  <testcase classname="specificationConcept.RequestSpecificationBuilderTest" name="getUser_with_Parm_Request_Spec" time="3.224"/>
  <testcase classname="specificationConcept.RequestSpecificationBuilderTest" name="getUser_with_Request_Spec" time="0.392"/>
</testsuite> <!-- specificationConcept.RequestSpecificationBuilderTest -->
