<?xml version="1.0" encoding="UTF-8"?>
<!-- Generated by org.testng.reporters.JUnitReportReporter -->
<testsuite hostname="DESKTOP-DAVDJI6" failures="0" tests="1" name="JsonPathValidatorTest.JsonPathTest" time="2.850" errors="0" timestamp="2024-05-04T11:46:20 IST" skipped="0">
  <testcase classname="JsonPathValidatorTest.JsonPathTest" name="getProductTest" time="2.850"/>
</testsuite> <!-- JsonPathValidatorTest.JsonPathTest -->
