<?xml version="1.0" encoding="UTF-8"?>
<!-- Generated by org.testng.reporters.JUnitReportReporter -->
<testsuite hostname="DESKTOP-DAVDJI6" failures="0" tests="1" name="com.user.api.CreateUserTestWithLombok" time="5.815" errors="0" timestamp="2024-05-04T14:07:04 IST" skipped="0">
  <testcase classname="com.user.api.CreateUserTestWithLombok" name="createUser_WithBuilderPattern_Test" time="5.815"/>
</testsuite> <!-- com.user.api.CreateUserTestWithLombok -->
