<?xml version="1.0" encoding="UTF-8"?>
<!-- Generated by org.testng.reporters.JUnitReportReporter -->
<testsuite hostname="DESKTOP-DAVDJI6" failures="0" tests="1" name="POSTAPIs.BookingAuthTest" time="4.987" errors="0" timestamp="2024-04-15T00:13:15 IST" skipped="0">
  <testcase classname="POSTAPIs.BookingAuthTest" name="addUserTest" time="4.987"/>
</testsuite> <!-- POSTAPIs.BookingAuthTest -->
