<?xml version="1.0" encoding="UTF-8"?>
<!-- Generated by org.testng.reporters.JUnitReportReporter -->
<testsuite hostname="DESKTOP-DAVDJI6" failures="0" tests="1" name="GETAPIs.GETAPIWithoutBDD" time="2.932" errors="0" timestamp="2024-04-14T14:11:57 IST" skipped="0">
  <testcase classname="GETAPIs.GETAPIWithoutBDD" name="getAllUsersWithQueryParameter_withHasMap_APITest" time="2.932"/>
</testsuite> <!-- GETAPIs.GETAPIWithoutBDD -->
