<?xml version="1.0" encoding="UTF-8"?>
<!-- Generated by org.testng.reporters.JUnitReportReporter -->
<testsuite hostname="DESKTOP-DAVDJI6" failures="0" tests="1" name="GETAPIs.GETAPIWithBDD" time="3.639" errors="0" timestamp="2024-05-01T12:25:39 IST" skipped="0">
  <testcase classname="GETAPIs.GETAPIWithBDD" name="getProductData_FetchTheList" time="3.639"/>
</testsuite> <!-- GETAPIs.GETAPIWithBDD -->
