<?xml version="1.0" encoding="UTF-8"?>
<!-- Generated by org.testng.reporters.JUnitReportReporter -->
<testsuite hostname="DESKTOP-DAVDJI6" failures="0" tests="1" name="specificationConcept.RequestSpecBuilderTest" time="4.089" errors="0" timestamp="2024-04-14T22:27:25 IST" skipped="0">
  <testcase classname="specificationConcept.RequestSpecBuilderTest" name="getUser_With_Param_Request_Spec" time="4.089"/>
</testsuite> <!-- specificationConcept.RequestSpecBuilderTest -->
